2013/12/10 06:57:28 [error] [system.db.CDbCommand] Error in preparing SQL: SELECT COUNT(*) FROM AuthItem
2013/12/10 06:57:28 [error] [system.db.CDbCommand] CDbCommand::fetchColumn() failed: CDbCommand failed to prepare the SQL statement: SQLSTATE[HY000]: General error: 1 no such table: AuthItem. The SQL statement executed was: SELECT COUNT(*) FROM AuthItem.
2013/12/10 06:57:28 [error] [exception.CHttpException.404] exception 'CHttpException' with message 'Unable to resolve the request "user/login".' in E:\wamp\www\yii\framework\web\CWebApplication.php:286
Stack trace:
#0 E:\wamp\www\yii\framework\web\CWebApplication.php(141): CWebApplication->runController('user/login')
#1 E:\wamp\www\yii\framework\base\CApplication.php(180): CWebApplication->processRequest()
#2 E:\wamp\www\yii\demos\blog\index.php(11): CApplication->run()
#3 {main}
REQUEST_URI=/yii/demos/blog/index.php/user/login
---
2013/12/10 06:57:50 [error] [exception.CHttpException.404] exception 'CHttpException' with message 'Unable to resolve the request "user/login".' in E:\wamp\www\yii\framework\web\CWebApplication.php:286
Stack trace:
#0 E:\wamp\www\yii\framework\web\CWebApplication.php(141): CWebApplication->runController('user/login')
#1 E:\wamp\www\yii\framework\base\CApplication.php(180): CWebApplication->processRequest()
#2 E:\wamp\www\yii\demos\blog\index.php(11): CApplication->run()
#3 {main}
REQUEST_URI=/yii/demos/blog/index.php/user/login
---
2013/12/10 06:57:57 [error] [system.db.CDbCommand] Error in preparing SQL: SELECT COUNT(*) FROM AuthItem
2013/12/10 06:57:57 [error] [system.db.CDbCommand] CDbCommand::fetchColumn() failed: CDbCommand failed to prepare the SQL statement: SQLSTATE[HY000]: General error: 1 no such table: AuthItem. The SQL statement executed was: SELECT COUNT(*) FROM AuthItem.
2013/12/10 06:58:12 [error] [system.db.CDbCommand] Error in preparing SQL: SELECT *
FROM 'AuthAssignment'
WHERE userid=:userid
2013/12/10 06:58:12 [error] [system.db.CDbCommand] CDbCommand::fetchAll() failed: CDbCommand failed to prepare the SQL statement: SQLSTATE[HY000]: General error: 1 no such table: AuthAssignment. The SQL statement executed was: SELECT *
FROM 'AuthAssignment'
WHERE userid=:userid.
2013/12/10 06:58:12 [error] [exception.CDbException] exception 'CDbException' with message 'CDbCommand failed to execute the SQL statement: CDbCommand failed to prepare the SQL statement: SQLSTATE[HY000]: General error: 1 no such table: AuthAssignment' in E:\wamp\www\yii\framework\db\CDbCommand.php:543
Stack trace:
#0 E:\wamp\www\yii\framework\db\CDbCommand.php(396): CDbCommand->queryInternal('fetchAll', Array, Array)
#1 E:\wamp\www\yii\framework\web\auth\CDbAuthManager.php(337): CDbCommand->queryAll()
#2 E:\wamp\www\yii\demos\blog\protected\modules\rights\components\RAuthorizer.php(341): CDbAuthManager->getAuthAssignments('1')
#3 E:\wamp\www\yii\demos\blog\protected\modules\rights\components\RWebUser.php(21): RAuthorizer->isSuperuser('1')
#4 E:\wamp\www\yii\framework\web\auth\CWebUser.php(246): RWebUser->afterLogin(false)
#5 E:\wamp\www\yii\demos\blog\protected\models\LoginForm.php(68): CWebUser->login(Object(UserIdentity), 0)
#6 E:\wamp\www\yii\demos\blog\protected\controllers\SiteController.php(82): LoginForm->login()
#7 E:\wamp\www\yii\framework\web\actions\CInlineAction.php(49): SiteController->actionLogin()
#8 E:\wamp\www\yii\framework\web\CController.php(308): CInlineAction->runWithParams(Array)
#9 E:\wamp\www\yii\framework\web\CController.php(286): CController->runAction(Object(CInlineAction))
#10 E:\wamp\www\yii\framework\web\CController.php(265): CController->runActionWithFilters(Object(CInlineAction), Array)
#11 E:\wamp\www\yii\framework\web\CWebApplication.php(282): CController->run('login')
#12 E:\wamp\www\yii\framework\web\CWebApplication.php(141): CWebApplication->runController('site/login')
#13 E:\wamp\www\yii\framework\base\CApplication.php(180): CWebApplication->processRequest()
#14 E:\wamp\www\yii\demos\blog\index.php(11): CApplication->run()
#15 {main}
REQUEST_URI=/yii/demos/blog/index.php/site/login
HTTP_REFERER=http://localhost/yii/demos/blog/index.php/site/login
---
2013/12/10 06:59:04 [error] [system.db.CDbCommand] Error in preparing SQL: SELECT COUNT(*) FROM AuthItem
2013/12/10 06:59:04 [error] [system.db.CDbCommand] CDbCommand::fetchColumn() failed: CDbCommand failed to prepare the SQL statement: SQLSTATE[HY000]: General error: 1 no such table: AuthItem. The SQL statement executed was: SELECT COUNT(*) FROM AuthItem.
2013/12/10 07:08:07 [error] [exception.CHttpException.403] exception 'CHttpException' with message 'There must be at least one superuser!' in E:\wamp\www\yii\demos\blog\protected\modules\rights\components\RAuthorizer.php:305
Stack trace:
#0 E:\wamp\www\yii\demos\blog\protected\modules\rights\controllers\AssignmentController.php(51): RAuthorizer->getSuperusers()
#1 E:\wamp\www\yii\framework\web\CController.php(1144): AssignmentController->accessRules()
#2 E:\wamp\www\yii\framework\web\filters\CInlineFilter.php(58): CController->filterAccessControl(Object(CFilterChain))
#3 E:\wamp\www\yii\framework\web\filters\CFilterChain.php(130): CInlineFilter->filter(Object(CFilterChain))
#4 E:\wamp\www\yii\framework\web\CController.php(291): CFilterChain->run()
#5 E:\wamp\www\yii\framework\web\CController.php(265): CController->runActionWithFilters(Object(CInlineAction), Array)
#6 E:\wamp\www\yii\framework\web\CWebApplication.php(282): CController->run('user')
#7 E:\wamp\www\yii\framework\web\CWebApplication.php(141): CWebApplication->runController('rights/assignme...')
#8 E:\wamp\www\yii\framework\base\CApplication.php(180): CWebApplication->processRequest()
#9 E:\wamp\www\yii\demos\blog\index.php(11): CApplication->run()
#10 {main}
REQUEST_URI=/yii/demos/blog/index.php/rights/assignment/user/id/1
HTTP_REFERER=http://localhost/yii/demos/blog/index.php/rights/assignment/user/id/1
---
2013/12/10 07:08:10 [error] [exception.CHttpException.403] exception 'CHttpException' with message 'There must be at least one superuser!' in E:\wamp\www\yii\demos\blog\protected\modules\rights\components\RAuthorizer.php:305
Stack trace:
#0 E:\wamp\www\yii\demos\blog\protected\modules\rights\controllers\AssignmentController.php(51): RAuthorizer->getSuperusers()
#1 E:\wamp\www\yii\framework\web\CController.php(1144): AssignmentController->accessRules()
#2 E:\wamp\www\yii\framework\web\filters\CInlineFilter.php(58): CController->filterAccessControl(Object(CFilterChain))
#3 E:\wamp\www\yii\framework\web\filters\CFilterChain.php(130): CInlineFilter->filter(Object(CFilterChain))
#4 E:\wamp\www\yii\framework\web\CController.php(291): CFilterChain->run()
#5 E:\wamp\www\yii\framework\web\CController.php(265): CController->runActionWithFilters(Object(CInlineAction), Array)
#6 E:\wamp\www\yii\framework\web\CWebApplication.php(282): CController->run('user')
#7 E:\wamp\www\yii\framework\web\CWebApplication.php(141): CWebApplication->runController('rights/assignme...')
#8 E:\wamp\www\yii\framework\base\CApplication.php(180): CWebApplication->processRequest()
#9 E:\wamp\www\yii\demos\blog\index.php(11): CApplication->run()
#10 {main}
REQUEST_URI=/yii/demos/blog/index.php/rights/assignment/user/id/1
HTTP_REFERER=http://localhost/yii/demos/blog/index.php/rights/assignment/view
---
2013/12/10 07:08:12 [error] [exception.CHttpException.403] exception 'CHttpException' with message 'There must be at least one superuser!' in E:\wamp\www\yii\demos\blog\protected\modules\rights\components\RAuthorizer.php:305
Stack trace:
#0 E:\wamp\www\yii\demos\blog\protected\modules\rights\controllers\AssignmentController.php(51): RAuthorizer->getSuperusers()
#1 E:\wamp\www\yii\framework\web\CController.php(1144): AssignmentController->accessRules()
#2 E:\wamp\www\yii\framework\web\filters\CInlineFilter.php(58): CController->filterAccessControl(Object(CFilterChain))
#3 E:\wamp\www\yii\framework\web\filters\CFilterChain.php(130): CInlineFilter->filter(Object(CFilterChain))
#4 E:\wamp\www\yii\framework\web\CController.php(291): CFilterChain->run()
#5 E:\wamp\www\yii\framework\web\CController.php(265): CController->runActionWithFilters(Object(CInlineAction), Array)
#6 E:\wamp\www\yii\framework\web\CWebApplication.php(282): CController->run('view')
#7 E:\wamp\www\yii\framework\web\CWebApplication.php(141): CWebApplication->runController('rights/assignme...')
#8 E:\wamp\www\yii\framework\base\CApplication.php(180): CWebApplication->processRequest()
#9 E:\wamp\www\yii\demos\blog\index.php(11): CApplication->run()
#10 {main}
REQUEST_URI=/yii/demos/blog/index.php/rights/assignment/view
HTTP_REFERER=http://localhost/yii/demos/blog/index.php/rights/authItem/permissions
---
2013/12/10 07:08:16 [error] [exception.CHttpException.403] exception 'CHttpException' with message 'There must be at least one superuser!' in E:\wamp\www\yii\demos\blog\protected\modules\rights\components\RAuthorizer.php:305
Stack trace:
#0 E:\wamp\www\yii\demos\blog\protected\modules\rights\controllers\AuthItemController.php(66): RAuthorizer->getSuperusers()
#1 E:\wamp\www\yii\framework\web\CController.php(1144): AuthItemController->accessRules()
#2 E:\wamp\www\yii\framework\web\filters\CInlineFilter.php(58): CController->filterAccessControl(Object(CFilterChain))
#3 E:\wamp\www\yii\framework\web\filters\CFilterChain.php(130): CInlineFilter->filter(Object(CFilterChain))
#4 E:\wamp\www\yii\framework\web\CController.php(291): CFilterChain->run()
#5 E:\wamp\www\yii\framework\web\CController.php(265): CController->runActionWithFilters(Object(CInlineAction), Array)
#6 E:\wamp\www\yii\framework\web\CWebApplication.php(282): CController->run('permissions')
#7 E:\wamp\www\yii\framework\web\CWebApplication.php(141): CWebApplication->runController('rights/authItem...')
#8 E:\wamp\www\yii\framework\base\CApplication.php(180): CWebApplication->processRequest()
#9 E:\wamp\www\yii\demos\blog\index.php(11): CApplication->run()
#10 {main}
REQUEST_URI=/yii/demos/blog/index.php/rights/authItem/permissions
HTTP_REFERER=http://localhost/yii/demos/blog/index.php/rights/authItem/roles
---
2013/12/10 07:08:20 [error] [exception.CHttpException.403] exception 'CHttpException' with message 'There must be at least one superuser!' in E:\wamp\www\yii\demos\blog\protected\modules\rights\components\RAuthorizer.php:305
Stack trace:
#0 E:\wamp\www\yii\demos\blog\protected\modules\rights\controllers\AuthItemController.php(66): RAuthorizer->getSuperusers()
#1 E:\wamp\www\yii\framework\web\CController.php(1144): AuthItemController->accessRules()
#2 E:\wamp\www\yii\framework\web\filters\CInlineFilter.php(58): CController->filterAccessControl(Object(CFilterChain))
#3 E:\wamp\www\yii\framework\web\filters\CFilterChain.php(130): CInlineFilter->filter(Object(CFilterChain))
#4 E:\wamp\www\yii\framework\web\CController.php(291): CFilterChain->run()
#5 E:\wamp\www\yii\framework\web\CController.php(265): CController->runActionWithFilters(Object(CInlineAction), Array)
#6 E:\wamp\www\yii\framework\web\CWebApplication.php(282): CController->run('permissions')
#7 E:\wamp\www\yii\framework\web\CWebApplication.php(141): CWebApplication->runController('rights/authItem...')
#8 E:\wamp\www\yii\framework\base\CApplication.php(180): CWebApplication->processRequest()
#9 E:\wamp\www\yii\demos\blog\index.php(11): CApplication->run()
#10 {main}
REQUEST_URI=/yii/demos/blog/index.php/rights/authItem/permissions
HTTP_REFERER=http://localhost/yii/demos/blog/index.php/rights/authItem/permissions
---
2013/12/10 07:08:35 [error] [exception.CHttpException.403] exception 'CHttpException' with message 'There must be at least one superuser!' in E:\wamp\www\yii\demos\blog\protected\modules\rights\components\RAuthorizer.php:305
Stack trace:
#0 E:\wamp\www\yii\demos\blog\protected\modules\rights\controllers\AuthItemController.php(66): RAuthorizer->getSuperusers()
#1 E:\wamp\www\yii\framework\web\CController.php(1144): AuthItemController->accessRules()
#2 E:\wamp\www\yii\framework\web\filters\CInlineFilter.php(58): CController->filterAccessControl(Object(CFilterChain))
#3 E:\wamp\www\yii\framework\web\filters\CFilterChain.php(130): CInlineFilter->filter(Object(CFilterChain))
#4 E:\wamp\www\yii\framework\web\CController.php(291): CFilterChain->run()
#5 E:\wamp\www\yii\framework\web\CController.php(265): CController->runActionWithFilters(Object(CInlineAction), Array)
#6 E:\wamp\www\yii\framework\web\CWebApplication.php(282): CController->run('permissions')
#7 E:\wamp\www\yii\framework\web\CWebApplication.php(141): CWebApplication->runController('rights/authItem...')
#8 E:\wamp\www\yii\framework\base\CApplication.php(180): CWebApplication->processRequest()
#9 E:\wamp\www\yii\demos\blog\index.php(11): CApplication->run()
#10 {main}
REQUEST_URI=/yii/demos/blog/index.php/rights/authItem/permissions
HTTP_REFERER=http://localhost/yii/demos/blog/index.php/rights/authItem/permissions
---
2013/12/10 07:08:42 [error] [exception.CHttpException.403] exception 'CHttpException' with message 'There must be at least one superuser!' in E:\wamp\www\yii\demos\blog\protected\modules\rights\components\RAuthorizer.php:305
Stack trace:
#0 E:\wamp\www\yii\demos\blog\protected\modules\rights\controllers\InstallController.php(61): RAuthorizer->getSuperusers()
#1 E:\wamp\www\yii\framework\web\CController.php(1144): InstallController->accessRules()
#2 E:\wamp\www\yii\framework\web\filters\CInlineFilter.php(58): CController->filterAccessControl(Object(CFilterChain))
#3 E:\wamp\www\yii\framework\web\filters\CFilterChain.php(130): CInlineFilter->filter(Object(CFilterChain))
#4 E:\wamp\www\yii\framework\web\CController.php(291): CFilterChain->run()
#5 E:\wamp\www\yii\framework\web\CController.php(265): CController->runActionWithFilters(Object(CInlineAction), Array)
#6 E:\wamp\www\yii\framework\web\CWebApplication.php(282): CController->run('')
#7 E:\wamp\www\yii\framework\web\CWebApplication.php(141): CWebApplication->runController('rights/install')
#8 E:\wamp\www\yii\framework\base\CApplication.php(180): CWebApplication->processRequest()
#9 E:\wamp\www\yii\demos\blog\index.php(11): CApplication->run()
#10 {main}
REQUEST_URI=/yii/demos/blog/index.php/rights/install
---
2013/12/10 07:08:44 [error] [exception.CHttpException.403] exception 'CHttpException' with message 'There must be at least one superuser!' in E:\wamp\www\yii\demos\blog\protected\modules\rights\components\RAuthorizer.php:305
Stack trace:
#0 E:\wamp\www\yii\demos\blog\protected\modules\rights\controllers\InstallController.php(61): RAuthorizer->getSuperusers()
#1 E:\wamp\www\yii\framework\web\CController.php(1144): InstallController->accessRules()
#2 E:\wamp\www\yii\framework\web\filters\CInlineFilter.php(58): CController->filterAccessControl(Object(CFilterChain))
#3 E:\wamp\www\yii\framework\web\filters\CFilterChain.php(130): CInlineFilter->filter(Object(CFilterChain))
#4 E:\wamp\www\yii\framework\web\CController.php(291): CFilterChain->run()
#5 E:\wamp\www\yii\framework\web\CController.php(265): CController->runActionWithFilters(Object(CInlineAction), Array)
#6 E:\wamp\www\yii\framework\web\CWebApplication.php(282): CController->run('')
#7 E:\wamp\www\yii\framework\web\CWebApplication.php(141): CWebApplication->runController('rights/install')
#8 E:\wamp\www\yii\framework\base\CApplication.php(180): CWebApplication->processRequest()
#9 E:\wamp\www\yii\demos\blog\index.php(11): CApplication->run()
#10 {main}
REQUEST_URI=/yii/demos/blog/index.php/rights/install
---
2013/12/10 07:08:45 [error] [exception.CHttpException.403] exception 'CHttpException' with message 'There must be at least one superuser!' in E:\wamp\www\yii\demos\blog\protected\modules\rights\components\RAuthorizer.php:305
Stack trace:
#0 E:\wamp\www\yii\demos\blog\protected\modules\rights\controllers\InstallController.php(61): RAuthorizer->getSuperusers()
#1 E:\wamp\www\yii\framework\web\CController.php(1144): InstallController->accessRules()
#2 E:\wamp\www\yii\framework\web\filters\CInlineFilter.php(58): CController->filterAccessControl(Object(CFilterChain))
#3 E:\wamp\www\yii\framework\web\filters\CFilterChain.php(130): CInlineFilter->filter(Object(CFilterChain))
#4 E:\wamp\www\yii\framework\web\CController.php(291): CFilterChain->run()
#5 E:\wamp\www\yii\framework\web\CController.php(265): CController->runActionWithFilters(Object(CInlineAction), Array)
#6 E:\wamp\www\yii\framework\web\CWebApplication.php(282): CController->run('')
#7 E:\wamp\www\yii\framework\web\CWebApplication.php(141): CWebApplication->runController('rights/install')
#8 E:\wamp\www\yii\framework\base\CApplication.php(180): CWebApplication->processRequest()
#9 E:\wamp\www\yii\demos\blog\index.php(11): CApplication->run()
#10 {main}
REQUEST_URI=/yii/demos/blog/index.php/rights/install
---
2013/12/10 07:08:45 [error] [exception.CHttpException.403] exception 'CHttpException' with message 'There must be at least one superuser!' in E:\wamp\www\yii\demos\blog\protected\modules\rights\components\RAuthorizer.php:305
Stack trace:
#0 E:\wamp\www\yii\demos\blog\protected\modules\rights\controllers\InstallController.php(61): RAuthorizer->getSuperusers()
#1 E:\wamp\www\yii\framework\web\CController.php(1144): InstallController->accessRules()
#2 E:\wamp\www\yii\framework\web\filters\CInlineFilter.php(58): CController->filterAccessControl(Object(CFilterChain))
#3 E:\wamp\www\yii\framework\web\filters\CFilterChain.php(130): CInlineFilter->filter(Object(CFilterChain))
#4 E:\wamp\www\yii\framework\web\CController.php(291): CFilterChain->run()
#5 E:\wamp\www\yii\framework\web\CController.php(265): CController->runActionWithFilters(Object(CInlineAction), Array)
#6 E:\wamp\www\yii\framework\web\CWebApplication.php(282): CController->run('')
#7 E:\wamp\www\yii\framework\web\CWebApplication.php(141): CWebApplication->runController('rights/install')
#8 E:\wamp\www\yii\framework\base\CApplication.php(180): CWebApplication->processRequest()
#9 E:\wamp\www\yii\demos\blog\index.php(11): CApplication->run()
#10 {main}
REQUEST_URI=/yii/demos/blog/index.php/rights/install
---
2013/12/10 07:08:45 [error] [exception.CHttpException.403] exception 'CHttpException' with message 'There must be at least one superuser!' in E:\wamp\www\yii\demos\blog\protected\modules\rights\components\RAuthorizer.php:305
Stack trace:
#0 E:\wamp\www\yii\demos\blog\protected\modules\rights\controllers\InstallController.php(61): RAuthorizer->getSuperusers()
#1 E:\wamp\www\yii\framework\web\CController.php(1144): InstallController->accessRules()
#2 E:\wamp\www\yii\framework\web\filters\CInlineFilter.php(58): CController->filterAccessControl(Object(CFilterChain))
#3 E:\wamp\www\yii\framework\web\filters\CFilterChain.php(130): CInlineFilter->filter(Object(CFilterChain))
#4 E:\wamp\www\yii\framework\web\CController.php(291): CFilterChain->run()
#5 E:\wamp\www\yii\framework\web\CController.php(265): CController->runActionWithFilters(Object(CInlineAction), Array)
#6 E:\wamp\www\yii\framework\web\CWebApplication.php(282): CController->run('')
#7 E:\wamp\www\yii\framework\web\CWebApplication.php(141): CWebApplication->runController('rights/install')
#8 E:\wamp\www\yii\framework\base\CApplication.php(180): CWebApplication->processRequest()
#9 E:\wamp\www\yii\demos\blog\index.php(11): CApplication->run()
#10 {main}
REQUEST_URI=/yii/demos/blog/index.php/rights/install
---
2013/12/10 07:08:59 [error] [exception.CHttpException.403] exception 'CHttpException' with message 'There must be at least one superuser!' in E:\wamp\www\yii\demos\blog\protected\modules\rights\components\RAuthorizer.php:305
Stack trace:
#0 E:\wamp\www\yii\demos\blog\protected\modules\rights\controllers\InstallController.php(61): RAuthorizer->getSuperusers()
#1 E:\wamp\www\yii\framework\web\CController.php(1144): InstallController->accessRules()
#2 E:\wamp\www\yii\framework\web\filters\CInlineFilter.php(58): CController->filterAccessControl(Object(CFilterChain))
#3 E:\wamp\www\yii\framework\web\filters\CFilterChain.php(130): CInlineFilter->filter(Object(CFilterChain))
#4 E:\wamp\www\yii\framework\web\CController.php(291): CFilterChain->run()
#5 E:\wamp\www\yii\framework\web\CController.php(265): CController->runActionWithFilters(Object(CInlineAction), Array)
#6 E:\wamp\www\yii\framework\web\CWebApplication.php(282): CController->run('')
#7 E:\wamp\www\yii\framework\web\CWebApplication.php(141): CWebApplication->runController('rights/install')
#8 E:\wamp\www\yii\framework\base\CApplication.php(180): CWebApplication->processRequest()
#9 E:\wamp\www\yii\demos\blog\index.php(11): CApplication->run()
#10 {main}
REQUEST_URI=/yii/demos/blog/index.php/rights/install
---
2013/12/10 07:10:09 [error] [system.db.CDbCommand] Error in preparing SQL: SELECT COUNT(*) FROM AuthItem
2013/12/10 07:10:09 [error] [system.db.CDbCommand] CDbCommand::fetchColumn() failed: CDbCommand failed to prepare the SQL statement: SQLSTATE[HY000]: General error: 1 no such table: AuthItem. The SQL statement executed was: SELECT COUNT(*) FROM AuthItem.
2013/12/10 07:12:56 [error] [exception.CHttpException.404] exception 'CHttpException' with message 'Unable to resolve the request "rights/site/logout".' in E:\wamp\www\yii\framework\web\CWebApplication.php:286
Stack trace:
#0 E:\wamp\www\yii\framework\web\CWebApplication.php(141): CWebApplication->runController('rights/site/log...')
#1 E:\wamp\www\yii\framework\base\CApplication.php(180): CWebApplication->processRequest()
#2 E:\wamp\www\yii\demos\blog\index.php(11): CApplication->run()
#3 {main}
REQUEST_URI=/yii/demos/blog/index.php/rights/site/logout
HTTP_REFERER=http://localhost/yii/demos/blog/index.php/rights/authItem/permissions
---
2013/12/10 07:13:36 [error] [exception.CHttpException.404] exception 'CHttpException' with message 'The system is unable to find the requested action "rights".' in E:\wamp\www\yii\framework\web\CController.php:483
Stack trace:
#0 E:\wamp\www\yii\framework\web\CController.php(270): CController->missingAction('rights')
#1 E:\wamp\www\yii\framework\web\CWebApplication.php(282): CController->run('rights')
#2 E:\wamp\www\yii\framework\web\CWebApplication.php(141): CWebApplication->runController('site/rights')
#3 E:\wamp\www\yii\framework\base\CApplication.php(180): CWebApplication->processRequest()
#4 E:\wamp\www\yii\demos\blog\index.php(11): CApplication->run()
#5 {main}
REQUEST_URI=/yii/demos/blog/index.php/site/rights
---
2013/12/10 07:13:38 [error] [exception.CHttpException.404] exception 'CHttpException' with message 'The system is unable to find the requested action "rights".' in E:\wamp\www\yii\framework\web\CController.php:483
Stack trace:
#0 E:\wamp\www\yii\framework\web\CController.php(270): CController->missingAction('rights')
#1 E:\wamp\www\yii\framework\web\CWebApplication.php(282): CController->run('rights')
#2 E:\wamp\www\yii\framework\web\CWebApplication.php(141): CWebApplication->runController('site/rights')
#3 E:\wamp\www\yii\framework\base\CApplication.php(180): CWebApplication->processRequest()
#4 E:\wamp\www\yii\demos\blog\index.php(11): CApplication->run()
#5 {main}
REQUEST_URI=/yii/demos/blog/index.php/site/rights
---
2013/12/10 08:41:25 [error] [system.db.CDbCommand] CDbCommand::fetchColumn() failed: SQLSTATE[42S02]: Base table or view not found: 1146 Table 'yii_demo.authitem' doesn't exist. The SQL statement executed was: SELECT COUNT(*) FROM AuthItem.
2013/12/10 08:50:13 [error] [exception.CHttpException.404] exception 'CHttpException' with message 'Unable to resolve the request "install".' in E:\wamp\www\yii\framework\web\CWebApplication.php:286
Stack trace:
#0 E:\wamp\www\yii\framework\web\CWebApplication.php(141): CWebApplication->runController('install')
#1 E:\wamp\www\yii\framework\base\CApplication.php(180): CWebApplication->processRequest()
#2 E:\wamp\www\yii\demos\blog\index.php(11): CApplication->run()
#3 {main}
REQUEST_URI=/yii/demos/blog/index.php/install
---
